Using pre-set license
Built from '2022.3/china_unity/release' branch; Version is '2022.3.0f1c1 (aad67108fc1f) revision 11196017'; Using compiler version '192829333'; Build Type 'Release'
OS: 'Windows 11  (10.0.22631) 64bit CoreCountrySpecific' Language: 'zh' Physical Memory: 32378 MB
BatchMode: 1, IsHumanControllingUs: 0, StartBugReporterOnCrash: 0, Is64bit: 1, IsPro: 1

COMMAND LINE ARGUMENTS:
D:\Work\Unity2022\2022.3.0f1c1\Editor\Unity.exe
-adb2
-batchMode
-noUpm
-name
AssetImportWorker0
-projectPath
D:/Billionare/Soyo
-logFile
Logs/AssetImportWorker0.log
-srvPort
50778
Successfully changed project path to: D:/Billionare/Soyo
D:/Billionare/Soyo
[UnityMemory] Configuration Parameters - Can be set up in boot.config
    "memorysetup-bucket-allocator-granularity=16"
    "memorysetup-bucket-allocator-bucket-count=8"
    "memorysetup-bucket-allocator-block-size=33554432"
    "memorysetup-bucket-allocator-block-count=8"
    "memorysetup-main-allocator-block-size=16777216"
    "memorysetup-thread-allocator-block-size=16777216"
    "memorysetup-gfx-main-allocator-block-size=16777216"
    "memorysetup-gfx-thread-allocator-block-size=16777216"
    "memorysetup-cache-allocator-block-size=4194304"
    "memorysetup-typetree-allocator-block-size=2097152"
    "memorysetup-profiler-bucket-allocator-granularity=16"
    "memorysetup-profiler-bucket-allocator-bucket-count=8"
    "memorysetup-profiler-bucket-allocator-block-size=33554432"
    "memorysetup-profiler-bucket-allocator-block-count=8"
    "memorysetup-profiler-allocator-block-size=16777216"
    "memorysetup-profiler-editor-allocator-block-size=1048576"
    "memorysetup-temp-allocator-size-main=16777216"
    "memorysetup-job-temp-allocator-block-size=2097152"
    "memorysetup-job-temp-allocator-block-size-background=1048576"
    "memorysetup-job-temp-allocator-reduction-small-platforms=262144"
    "memorysetup-allocator-temp-initial-block-size-main=262144"
    "memorysetup-allocator-temp-initial-block-size-worker=262144"
    "memorysetup-temp-allocator-size-background-worker=32768"
    "memorysetup-temp-allocator-size-job-worker=262144"
    "memorysetup-temp-allocator-size-preload-manager=33554432"
    "memorysetup-temp-allocator-size-nav-mesh-worker=65536"
    "memorysetup-temp-allocator-size-audio-worker=65536"
    "memorysetup-temp-allocator-size-cloud-worker=32768"
    "memorysetup-temp-allocator-size-gi-baking-worker=262144"
    "memorysetup-temp-allocator-size-gfx=262144"
Player connection [33412] Host "[IP] 192.168.1.5 [Port] 0 [Flags] 2 [Guid] 3989891121 [EditorId] 3989891121 [Version] 1048832 [Id] WindowsEditor(7,soyo) [Debug] 1 [PackageName] WindowsEditor [ProjectName] Editor" joined multi-casting on [225.0.0.222:54997]...

Player connection [33412] Host "[IP] 192.168.1.5 [Port] 0 [Flags] 2 [Guid] 3989891121 [EditorId] 3989891121 [Version] 1048832 [Id] WindowsEditor(7,soyo) [Debug] 1 [PackageName] WindowsEditor [ProjectName] Editor" joined alternative multi-casting on [225.0.0.222:34997]...

Refreshing native plugins compatible for Editor in 9.90 ms, found 6 plugins.
Preloading 0 native plugins for Editor in 0.00 ms.
Initialize engine version: 2022.3.0f1c1 (aad67108fc1f)
[Subsystems] Discovering subsystems at path D:/Work/Unity2022/2022.3.0f1c1/Editor/Data/Resources/UnitySubsystems
[Subsystems] Discovering subsystems at path D:/Billionare/Soyo/Assets
GfxDevice: creating device client; threaded=0; jobified=0
Direct3D:
    Version:  Direct3D 11.0 [level 11.1]
    Renderer: NVIDIA GeForce RTX 4060 Laptop GPU (ID=0x28e0)
    Vendor:   NVIDIA
    VRAM:     7972 MB
    Driver:   31.0.15.4680
Initialize mono
Mono path[0] = 'D:/Work/Unity2022/2022.3.0f1c1/Editor/Data/Managed'
Mono path[1] = 'D:/Work/Unity2022/2022.3.0f1c1/Editor/Data/MonoBleedingEdge/lib/mono/unityjit-win32'
Mono config path = 'D:/Work/Unity2022/2022.3.0f1c1/Editor/Data/MonoBleedingEdge/etc'
Using monoOptions --debugger-agent=transport=dt_socket,embedding=1,server=y,suspend=n,address=127.0.0.1:56988
Begin MonoManager ReloadAssembly
Registering precompiled unity dll's ...
Register platform support module: D:/Work/Unity2022/2022.3.0f1c1/Editor/Data/PlaybackEngines/WindowsStandaloneSupport/UnityEditor.WindowsStandalone.Extensions.dll
Registered in 0.003787 seconds.
- Loaded All Assemblies, in  0.218 seconds
Native extension for WindowsStandalone target not found
Mono: successfully reloaded assembly
- Finished resetting the current domain, in  0.173 seconds
Domain Reload Profiling: 390ms
	BeginReloadAssembly (58ms)
		ExecutionOrderSort (0ms)
		DisableScriptedObjects (0ms)
		BackupInstance (0ms)
		ReleaseScriptingObjects (0ms)
		CreateAndSetChildDomain (1ms)
	RebuildCommonClasses (24ms)
	RebuildNativeTypeToScriptingClass (8ms)
	initialDomainReloadingComplete (40ms)
	LoadAllAssembliesAndSetupDomain (88ms)
		LoadAssemblies (56ms)
		RebuildTransferFunctionScriptingTraits (0ms)
		AnalyzeDomain (84ms)
			TypeCache.Refresh (83ms)
				TypeCache.ScanAssembly (76ms)
			ScanForSourceGeneratedMonoScriptInfo (0ms)
			ResolveRequiredComponents (0ms)
	FinalizeReload (173ms)
		ReleaseScriptCaches (0ms)
		RebuildScriptCaches (0ms)
		SetupLoadedEditorAssemblies (136ms)
			LogAssemblyErrors (0ms)
			InitializePlatformSupportModulesInManaged (5ms)
			SetLoadedEditorAssemblies (5ms)
			RefreshPlugins (0ms)
			BeforeProcessingInitializeOnLoad (1ms)
			ProcessInitializeOnLoadAttributes (91ms)
			ProcessInitializeOnLoadMethodAttributes (33ms)
			AfterProcessingInitializeOnLoad (0ms)
			EditorAssembliesLoaded (0ms)
		ExecutionOrderSort2 (0ms)
		AwakeInstancesAfterBackupRestoration (0ms)
========================================================================
Worker process is ready to serve import requests
Begin MonoManager ReloadAssembly
- Loaded All Assemblies, in  0.484 seconds
Refreshing native plugins compatible for Editor in 2.44 ms, found 6 plugins.
Native extension for WindowsStandalone target not found
Mono: successfully reloaded assembly
- Finished resetting the current domain, in  0.372 seconds
Domain Reload Profiling: 854ms
	BeginReloadAssembly (82ms)
		ExecutionOrderSort (0ms)
		DisableScriptedObjects (3ms)
		BackupInstance (0ms)
		ReleaseScriptingObjects (0ms)
		CreateAndSetChildDomain (16ms)
	RebuildCommonClasses (22ms)
	RebuildNativeTypeToScriptingClass (7ms)
	initialDomainReloadingComplete (27ms)
	LoadAllAssembliesAndSetupDomain (346ms)
		LoadAssemblies (171ms)
		RebuildTransferFunctionScriptingTraits (0ms)
		AnalyzeDomain (208ms)
			TypeCache.Refresh (195ms)
				TypeCache.ScanAssembly (187ms)
			ScanForSourceGeneratedMonoScriptInfo (10ms)
			ResolveRequiredComponents (3ms)
	FinalizeReload (372ms)
		ReleaseScriptCaches (0ms)
		RebuildScriptCaches (0ms)
		SetupLoadedEditorAssemblies (273ms)
			LogAssemblyErrors (0ms)
			InitializePlatformSupportModulesInManaged (3ms)
			SetLoadedEditorAssemblies (4ms)
			RefreshPlugins (0ms)
			BeforeProcessingInitializeOnLoad (47ms)
			ProcessInitializeOnLoadAttributes (203ms)
			ProcessInitializeOnLoadMethodAttributes (13ms)
			AfterProcessingInitializeOnLoad (3ms)
			EditorAssembliesLoaded (0ms)
		ExecutionOrderSort2 (0ms)
		AwakeInstancesAfterBackupRestoration (5ms)
Launched and connected shader compiler UnityShaderCompiler.exe after 0.08 seconds
Refreshing native plugins compatible for Editor in 2.62 ms, found 6 plugins.
Preloading 0 native plugins for Editor in 0.00 ms.
Unloading 3368 Unused Serialized files (Serialized files now loaded: 0)
Unloading 39 unused Assets / (60.7 KB). Loaded Objects now: 3825.
Memory consumption went from 130.9 MB to 130.9 MB.
Total: 4.021300 ms (FindLiveObjects: 0.241400 ms CreateObjectMapping: 0.059200 ms MarkObjects: 3.294400 ms  DeleteObjects: 0.423800 ms)

AssetImportParameters requested are different than current active one (requested -> active):
  custom:container-demuxer-ogg: 62fdf1f143b41e24485cea50d1cbac27 -> 
  custom:video-codec-MediaFoundation-h265: 746d11721c4dcdbdad8f713fa42b33f4 -> 
  custom:video-decoder-ogg-theora: a1e56fd34408186e4bbccfd4996cb3dc -> 
  custom:framework-win-MediaFoundation: 216162199b28c13a410421893ffa2e32 -> 
  custom:container-demuxer-webm: 4f35f7cbe854078d1ac9338744f61a02 -> 
  custom:container-muxer-webm: aa71ff27fc2769a1b78a27578f13a17b -> 
  custom:video-decoder-webm-vp8: 9c59270c3fd7afecdb556c50c9e8de78 -> 
  custom:AudioImporter_EditorPlatform: d09bf68614088b80899f8185d706f6e7 -> 
  custom:video-encoder-webm-vp8: eb34c28f22e8b96e1ab97ce403110664 -> 
  custom:audio-decoder-ogg-vorbis: bf7c407c2cedff20999df2af8eb42d56 -> 
  custom:audio-encoder-webm-vorbis: bf7c407c2cedff20999df2af8eb42d56 -> 
========================================================================
Received Import Request.
  Time since last request: 670395.700178 seconds.
  path: Assets/aichannel.cs
  artifactKey: Guid(cfc1701f97456d64a8e3ba491ac331a2) Importer(815301076,1909f56bfc062723c751e8b465ee728b)
Start importing Assets/aichannel.cs using Guid(cfc1701f97456d64a8e3ba491ac331a2) Importer(815301076,1909f56bfc062723c751e8b465ee728b)  -> (artifact id: '60b01529a667a3ebee197ed73973d0df') in 0.004398 seconds
Number of updated asset objects reloaded before import = 0
Number of asset objects unloaded after import = 0
========================================================================
Received Import Request.
  Time since last request: 50.152599 seconds.
  path: Assets/aichannel.cs
  artifactKey: Guid(cfc1701f97456d64a8e3ba491ac331a2) Importer(815301076,1909f56bfc062723c751e8b465ee728b)
Start importing Assets/aichannel.cs using Guid(cfc1701f97456d64a8e3ba491ac331a2) Importer(815301076,1909f56bfc062723c751e8b465ee728b)  -> (artifact id: 'caf4b9d6608821b97b271202283a0f34') in 0.001749 seconds
Number of updated asset objects reloaded before import = 0
Number of asset objects unloaded after import = 0
========================================================================
Received Import Request.
  Time since last request: 10.706264 seconds.
  path: Assets/aichannel.cs
  artifactKey: Guid(cfc1701f97456d64a8e3ba491ac331a2) Importer(815301076,1909f56bfc062723c751e8b465ee728b)
Start importing Assets/aichannel.cs using Guid(cfc1701f97456d64a8e3ba491ac331a2) Importer(815301076,1909f56bfc062723c751e8b465ee728b)  -> (artifact id: 'f56120a994fbd93f75faa173ba26c182') in 0.001568 seconds
Number of updated asset objects reloaded before import = 0
Number of asset objects unloaded after import = 0
========================================================================
Received Import Request.
  Time since last request: 7.039926 seconds.
  path: Assets/aichannel.cs
  artifactKey: Guid(cfc1701f97456d64a8e3ba491ac331a2) Importer(815301076,1909f56bfc062723c751e8b465ee728b)
Start importing Assets/aichannel.cs using Guid(cfc1701f97456d64a8e3ba491ac331a2) Importer(815301076,1909f56bfc062723c751e8b465ee728b)  -> (artifact id: '6899f4ac25be0ab6983768b2966bcbe6') in 0.001452 seconds
Number of updated asset objects reloaded before import = 0
Number of asset objects unloaded after import = 0
========================================================================
Received Import Request.
  Time since last request: 10.658932 seconds.
  path: Assets/aichannel.cs
  artifactKey: Guid(cfc1701f97456d64a8e3ba491ac331a2) Importer(815301076,1909f56bfc062723c751e8b465ee728b)
Start importing Assets/aichannel.cs using Guid(cfc1701f97456d64a8e3ba491ac331a2) Importer(815301076,1909f56bfc062723c751e8b465ee728b)  -> (artifact id: '6875046e3a90c145938912cb27b30697') in 0.001865 seconds
Number of updated asset objects reloaded before import = 0
Number of asset objects unloaded after import = 0
========================================================================
Received Import Request.
  Time since last request: 19.507207 seconds.
  path: Assets/aichannel.cs
  artifactKey: Guid(cfc1701f97456d64a8e3ba491ac331a2) Importer(815301076,1909f56bfc062723c751e8b465ee728b)
Start importing Assets/aichannel.cs using Guid(cfc1701f97456d64a8e3ba491ac331a2) Importer(815301076,1909f56bfc062723c751e8b465ee728b)  -> (artifact id: '4516582760744ce3649d0bb6a574abb1') in 0.001995 seconds
Number of updated asset objects reloaded before import = 0
Number of asset objects unloaded after import = 0
========================================================================
Received Import Request.
  Time since last request: 18.332696 seconds.
  path: Assets/aichannel.cs
  artifactKey: Guid(cfc1701f97456d64a8e3ba491ac331a2) Importer(815301076,1909f56bfc062723c751e8b465ee728b)
Start importing Assets/aichannel.cs using Guid(cfc1701f97456d64a8e3ba491ac331a2) Importer(815301076,1909f56bfc062723c751e8b465ee728b)  -> (artifact id: '3f455da3b2366157174417662be7552a') in 0.001577 seconds
Number of updated asset objects reloaded before import = 0
Number of asset objects unloaded after import = 0
========================================================================
Received Import Request.
  Time since last request: 5.082665 seconds.
  path: Assets/aichannel.cs
  artifactKey: Guid(cfc1701f97456d64a8e3ba491ac331a2) Importer(815301076,1909f56bfc062723c751e8b465ee728b)
Start importing Assets/aichannel.cs using Guid(cfc1701f97456d64a8e3ba491ac331a2) Importer(815301076,1909f56bfc062723c751e8b465ee728b)  -> (artifact id: 'e2c9285c7ffd75e3c5e1276974f10ea4') in 0.001721 seconds
Number of updated asset objects reloaded before import = 0
Number of asset objects unloaded after import = 0
========================================================================
Received Import Request.
  Time since last request: 9.382996 seconds.
  path: Assets/aichannel.cs
  artifactKey: Guid(cfc1701f97456d64a8e3ba491ac331a2) Importer(815301076,1909f56bfc062723c751e8b465ee728b)
Start importing Assets/aichannel.cs using Guid(cfc1701f97456d64a8e3ba491ac331a2) Importer(815301076,1909f56bfc062723c751e8b465ee728b)  -> (artifact id: '8680ab37edc72582c10401d340d9f2ee') in 0.001478 seconds
Number of updated asset objects reloaded before import = 0
Number of asset objects unloaded after import = 0
========================================================================
Received Import Request.
  Time since last request: 50.778253 seconds.
  path: Assets/aichannel.cs
  artifactKey: Guid(cfc1701f97456d64a8e3ba491ac331a2) Importer(815301076,1909f56bfc062723c751e8b465ee728b)
Start importing Assets/aichannel.cs using Guid(cfc1701f97456d64a8e3ba491ac331a2) Importer(815301076,1909f56bfc062723c751e8b465ee728b)  -> (artifact id: 'b502d1d697554c7c0b8bd62538426c2e') in 0.001635 seconds
Number of updated asset objects reloaded before import = 0
Number of asset objects unloaded after import = 0
========================================================================
Received Import Request.
  Time since last request: 12.070407 seconds.
  path: Assets/aichannel.cs
  artifactKey: Guid(cfc1701f97456d64a8e3ba491ac331a2) Importer(815301076,1909f56bfc062723c751e8b465ee728b)
Start importing Assets/aichannel.cs using Guid(cfc1701f97456d64a8e3ba491ac331a2) Importer(815301076,1909f56bfc062723c751e8b465ee728b)  -> (artifact id: '5a706098116a5089ca087df2529ac728') in 0.001793 seconds
Number of updated asset objects reloaded before import = 0
Number of asset objects unloaded after import = 0
========================================================================
Received Import Request.
  Time since last request: 3.253634 seconds.
  path: Assets/aichannel.cs
  artifactKey: Guid(cfc1701f97456d64a8e3ba491ac331a2) Importer(815301076,1909f56bfc062723c751e8b465ee728b)
Start importing Assets/aichannel.cs using Guid(cfc1701f97456d64a8e3ba491ac331a2) Importer(815301076,1909f56bfc062723c751e8b465ee728b)  -> (artifact id: 'ee92a3f1a1943d6493a533d65a3e85b5') in 0.001510 seconds
Number of updated asset objects reloaded before import = 0
Number of asset objects unloaded after import = 0
========================================================================
Received Import Request.
  Time since last request: 6.277374 seconds.
  path: Assets/aichannel.cs
  artifactKey: Guid(cfc1701f97456d64a8e3ba491ac331a2) Importer(815301076,1909f56bfc062723c751e8b465ee728b)
Start importing Assets/aichannel.cs using Guid(cfc1701f97456d64a8e3ba491ac331a2) Importer(815301076,1909f56bfc062723c751e8b465ee728b)  -> (artifact id: '7ee2bd9b5ef89e4dcc905c727222c505') in 0.001499 seconds
Number of updated asset objects reloaded before import = 0
Number of asset objects unloaded after import = 0
========================================================================
Received Import Request.
  Time since last request: 2.732047 seconds.
  path: Assets/aichannel.cs
  artifactKey: Guid(cfc1701f97456d64a8e3ba491ac331a2) Importer(815301076,1909f56bfc062723c751e8b465ee728b)
Start importing Assets/aichannel.cs using Guid(cfc1701f97456d64a8e3ba491ac331a2) Importer(815301076,1909f56bfc062723c751e8b465ee728b)  -> (artifact id: '2308c964d78ed3b84fa76bbe5ac0539f') in 0.001553 seconds
Number of updated asset objects reloaded before import = 0
Number of asset objects unloaded after import = 0
========================================================================
Received Prepare
Begin MonoManager ReloadAssembly
- Loaded All Assemblies, in  0.548 seconds
Refreshing native plugins compatible for Editor in 3.48 ms, found 6 plugins.
Native extension for WindowsStandalone target not found
Mono: successfully reloaded assembly
- Finished resetting the current domain, in  0.939 seconds
Domain Reload Profiling: 1486ms
	BeginReloadAssembly (124ms)
		ExecutionOrderSort (0ms)
		DisableScriptedObjects (4ms)
		BackupInstance (0ms)
		ReleaseScriptingObjects (0ms)
		CreateAndSetChildDomain (42ms)
	RebuildCommonClasses (27ms)
	RebuildNativeTypeToScriptingClass (6ms)
	initialDomainReloadingComplete (20ms)
	LoadAllAssembliesAndSetupDomain (370ms)
		LoadAssemblies (200ms)
		RebuildTransferFunctionScriptingTraits (0ms)
		AnalyzeDomain (217ms)
			TypeCache.Refresh (209ms)
				TypeCache.ScanAssembly (196ms)
			ScanForSourceGeneratedMonoScriptInfo (3ms)
			ResolveRequiredComponents (4ms)
	FinalizeReload (939ms)
		ReleaseScriptCaches (0ms)
		RebuildScriptCaches (0ms)
		SetupLoadedEditorAssemblies (213ms)
			LogAssemblyErrors (0ms)
			InitializePlatformSupportModulesInManaged (3ms)
			SetLoadedEditorAssemblies (3ms)
			RefreshPlugins (0ms)
			BeforeProcessingInitializeOnLoad (35ms)
			ProcessInitializeOnLoadAttributes (157ms)
			ProcessInitializeOnLoadMethodAttributes (12ms)
			AfterProcessingInitializeOnLoad (3ms)
			EditorAssembliesLoaded (0ms)
		ExecutionOrderSort2 (0ms)
		AwakeInstancesAfterBackupRestoration (4ms)
Refreshing native plugins compatible for Editor in 2.53 ms, found 6 plugins.
Preloading 0 native plugins for Editor in 0.00 ms.
Unloading 3336 Unused Serialized files (Serialized files now loaded: 0)
Unloading 30 unused Assets / (34.8 KB). Loaded Objects now: 3828.
Memory consumption went from 123.8 MB to 123.7 MB.
Total: 1.911900 ms (FindLiveObjects: 0.211900 ms CreateObjectMapping: 0.045300 ms MarkObjects: 1.614600 ms  DeleteObjects: 0.038900 ms)

Prepare: number of updated asset objects reloaded= 0
AssetImportParameters requested are different than current active one (requested -> active):
  custom:container-demuxer-ogg: 62fdf1f143b41e24485cea50d1cbac27 -> 
  custom:video-codec-MediaFoundation-h265: 746d11721c4dcdbdad8f713fa42b33f4 -> 
  custom:video-decoder-ogg-theora: a1e56fd34408186e4bbccfd4996cb3dc -> 
  custom:framework-win-MediaFoundation: 216162199b28c13a410421893ffa2e32 -> 
  custom:container-demuxer-webm: 4f35f7cbe854078d1ac9338744f61a02 -> 
  custom:container-muxer-webm: aa71ff27fc2769a1b78a27578f13a17b -> 
  custom:video-decoder-webm-vp8: 9c59270c3fd7afecdb556c50c9e8de78 -> 
  custom:AudioImporter_EditorPlatform: d09bf68614088b80899f8185d706f6e7 -> 
  custom:video-encoder-webm-vp8: eb34c28f22e8b96e1ab97ce403110664 -> 
  custom:audio-decoder-ogg-vorbis: bf7c407c2cedff20999df2af8eb42d56 -> 
  custom:audio-encoder-webm-vorbis: bf7c407c2cedff20999df2af8eb42d56 -> 
